[Sat Jun  9 12:53:13 2012] [info] Listening at "http://*:3000".
[Sat Jun  9 12:53:31 2012] [debug] Your secret passphrase needs to be changed!!!
[Sat Jun  9 12:53:31 2012] [debug] GET / (Mozilla/5.0 (Windows NT 6.1; WOW64) AppleWebKit/536.5 (KHTML, like Gecko) Chrome/19.0.1084.52 Safari/536.5).
[Sat Jun  9 12:53:31 2012] [debug] Routing to controller "Impressari::Example" and action "welcome".
[Sat Jun  9 12:53:31 2012] [debug] Rendering template "example/welcome.html.ep".
[Sat Jun  9 12:53:31 2012] [debug] Rendering template "layouts/default.html.ep".
[Sat Jun  9 12:53:31 2012] [debug] 200 OK (0.016867s, 59.287/s).
[Sat Jun  9 12:53:55 2012] [debug] Your secret passphrase needs to be changed!!!
[Sat Jun  9 12:53:55 2012] [debug] GET / (Mozilla/5.0 (Windows NT 6.1; WOW64) AppleWebKit/536.5 (KHTML, like Gecko) Chrome/19.0.1084.52 Safari/536.5).
[Sat Jun  9 12:53:55 2012] [error] Base class package "Impressari::Base" is empty.
    (Perhaps you need to 'use' the module which defines that package first,
    or make that module available in @INC (@INC contains: script/../lib C:/strawberry/perl/site/lib C:/strawberry/perl/vendor/lib C:/strawberry/perl/lib . C:/strawberry/perl/site/bin/../lib).
 at script/../lib/Impressari/Login.pm line 6
BEGIN failed--compilation aborted at script/../lib/Impressari/Login.pm line 6.
Compilation failed in require at (eval 337) line 1.

[Sat Jun  9 12:53:55 2012] [debug] Template "exception.development.html.ep" not found.
[Sat Jun  9 12:53:55 2012] [debug] Template "exception.html.ep" not found.
[Sat Jun  9 12:53:55 2012] [debug] Rendering inline template.
[Sat Jun  9 12:53:55 2012] [debug] Rendering inline template.
[Sat Jun  9 12:53:55 2012] [debug] 500 Internal Server Error (0.054239s, 18.437/s).
[Sat Jun  9 12:54:42 2012] [info] Listening at "http://*:3000".
[Sat Jun  9 12:54:47 2012] [debug] Your secret passphrase needs to be changed!!!
[Sat Jun  9 12:54:47 2012] [debug] GET / (Mozilla/5.0 (Windows NT 6.1; WOW64) AppleWebKit/536.5 (KHTML, like Gecko) Chrome/19.0.1084.52 Safari/536.5).
[Sat Jun  9 12:54:47 2012] [error] Base class package "Class::DBI::mysql" is empty.
    (Perhaps you need to 'use' the module which defines that package first,
    or make that module available in @INC (@INC contains: script/../lib C:/strawberry/perl/site/lib C:/strawberry/perl/vendor/lib C:/strawberry/perl/lib . C:/strawberry/perl/site/bin/../lib).
 at script/../lib/Impressari/Models/Base.pm line 6
BEGIN failed--compilation aborted at script/../lib/Impressari/Models/Base.pm line 6.
Compilation failed in require at (eval 257) line 2.
	...propagated at C:/strawberry/perl/lib/base.pm line 94.
BEGIN failed--compilation aborted at script/../lib/Impressari/Models/Login.pm line 3.
Compilation failed in require at script/../lib/Impressari/Login.pm line 8.
BEGIN failed--compilation aborted at script/../lib/Impressari/Login.pm line 8.
Compilation failed in require at (eval 255) line 1.

[Sat Jun  9 12:54:47 2012] [debug] Template "exception.development.html.ep" not found.
[Sat Jun  9 12:54:47 2012] [debug] Template "exception.html.ep" not found.
[Sat Jun  9 12:54:47 2012] [debug] Rendering inline template.
[Sat Jun  9 12:54:47 2012] [debug] Rendering inline template.
[Sat Jun  9 12:54:47 2012] [debug] 500 Internal Server Error (0.051503s, 19.416/s).
[Sat Jun  9 12:58:30 2012] [info] Listening at "http://*:3000".
[Sat Jun  9 12:58:32 2012] [debug] Your secret passphrase needs to be changed!!!
[Sat Jun  9 12:58:32 2012] [debug] GET / (Mozilla/5.0 (Windows NT 6.1; WOW64) AppleWebKit/536.5 (KHTML, like Gecko) Chrome/19.0.1084.52 Safari/536.5).
[Sat Jun  9 12:58:33 2012] [error] Can't locate Class/DBI/AbstractSearch.pm in @INC (@INC contains: script/../lib C:/strawberry/perl/site/lib C:/strawberry/perl/vendor/lib C:/strawberry/perl/lib . C:/strawberry/perl/site/bin/../lib) at script/../lib/Impressari/Models/Base.pm line 7.
BEGIN failed--compilation aborted at script/../lib/Impressari/Models/Base.pm line 7.
Compilation failed in require at (eval 257) line 2.
	...propagated at C:/strawberry/perl/lib/base.pm line 94.
BEGIN failed--compilation aborted at script/../lib/Impressari/Models/Login.pm line 3.
Compilation failed in require at script/../lib/Impressari/Login.pm line 8.
BEGIN failed--compilation aborted at script/../lib/Impressari/Login.pm line 8.
Compilation failed in require at (eval 255) line 1.

[Sat Jun  9 12:58:33 2012] [debug] Template "exception.development.html.ep" not found.
[Sat Jun  9 12:58:33 2012] [debug] Template "exception.html.ep" not found.
[Sat Jun  9 12:58:33 2012] [debug] Rendering inline template.
[Sat Jun  9 12:58:33 2012] [debug] Rendering inline template.
[Sat Jun  9 12:58:33 2012] [debug] 500 Internal Server Error (0.160134s, 6.245/s).
[Sat Jun  9 12:58:47 2012] [debug] Your secret passphrase needs to be changed!!!
[Sat Jun  9 12:58:47 2012] [debug] GET / (Mozilla/5.0 (Windows NT 6.1; WOW64) AppleWebKit/536.5 (KHTML, like Gecko) Chrome/19.0.1084.52 Safari/536.5).
[Sat Jun  9 12:58:47 2012] [error] DBI connect('database=impressari;host=localhost','root',...) failed: Unknown database 'impressari' at C:/strawberry/perl/site/lib/Ima/DBI.pm line 328
Compilation failed in require at script/../lib/Impressari/Login.pm line 8.
BEGIN failed--compilation aborted at script/../lib/Impressari/Login.pm line 8.
Compilation failed in require at (eval 287) line 1.

[Sat Jun  9 12:58:47 2012] [debug] Template "exception.development.html.ep" not found.
[Sat Jun  9 12:58:47 2012] [debug] Template "exception.html.ep" not found.
[Sat Jun  9 12:58:47 2012] [debug] Rendering inline template.
[Sat Jun  9 12:58:47 2012] [debug] Rendering inline template.
[Sat Jun  9 12:58:47 2012] [debug] 500 Internal Server Error (0.194132s, 5.151/s).
[Sat Jun  9 12:59:11 2012] [debug] GET / (Mozilla/5.0 (Windows NT 6.1; WOW64) AppleWebKit/536.5 (KHTML, like Gecko) Chrome/19.0.1084.52 Safari/536.5).
[Sat Jun  9 12:59:11 2012] [debug] Routing to controller "Impressari::Login" and action "login".
[Sat Jun  9 12:59:11 2012] [debug] Action not found in controller.
[Sat Jun  9 12:59:11 2012] [debug] Template "login/login.html.ep" not found.
[Sat Jun  9 12:59:11 2012] [debug] Template "not_found.development.html.ep" not found.
[Sat Jun  9 12:59:11 2012] [debug] Template "not_found.html.ep" not found.
[Sat Jun  9 12:59:11 2012] [debug] Rendering inline template.
[Sat Jun  9 12:59:11 2012] [debug] Rendering inline template.
[Sat Jun  9 12:59:11 2012] [debug] 404 Not Found (0.045535s, 21.961/s).
[Sat Jun  9 13:00:34 2012] [debug] GET / (Mozilla/5.0 (Windows NT 6.1; WOW64) AppleWebKit/536.5 (KHTML, like Gecko) Chrome/19.0.1084.52 Safari/536.5).
[Sat Jun  9 13:00:34 2012] [debug] Routing to controller "Impressari::Login" and action "login".
[Sat Jun  9 13:00:34 2012] [debug] Action not found in controller.
[Sat Jun  9 13:00:34 2012] [debug] Template "login/login.html.ep" not found.
[Sat Jun  9 13:00:34 2012] [debug] Template "not_found.development.html.ep" not found.
[Sat Jun  9 13:00:34 2012] [debug] Template "not_found.html.ep" not found.
[Sat Jun  9 13:00:34 2012] [debug] Rendering cached inline template.
[Sat Jun  9 13:00:34 2012] [debug] Rendering cached inline template.
[Sat Jun  9 13:00:34 2012] [debug] 404 Not Found (0.016475s, 60.698/s).
[Sat Jun  9 13:04:05 2012] [debug] Your secret passphrase needs to be changed!!!
[Sat Jun  9 13:04:05 2012] [debug] GET / (Mozilla/5.0 (Windows NT 6.1; WOW64) AppleWebKit/536.5 (KHTML, like Gecko) Chrome/19.0.1084.52 Safari/536.5).
[Sat Jun  9 13:04:05 2012] [error] Can't locate Email/Valid.pm in @INC (@INC contains: script/../lib C:/strawberry/perl/site/lib C:/strawberry/perl/vendor/lib C:/strawberry/perl/lib . C:/strawberry/perl/site/bin/../lib) at script/../lib/Impressari/Login.pm line 10.
BEGIN failed--compilation aborted at script/../lib/Impressari/Login.pm line 10.
Compilation failed in require at (eval 915) line 1.

[Sat Jun  9 13:04:05 2012] [debug] Template "exception.development.html.ep" not found.
[Sat Jun  9 13:04:05 2012] [debug] Template "exception.html.ep" not found.
[Sat Jun  9 13:04:05 2012] [debug] Rendering inline template.
[Sat Jun  9 13:04:05 2012] [debug] Rendering inline template.
[Sat Jun  9 13:04:05 2012] [debug] 500 Internal Server Error (0.221315s, 4.518/s).
[Sat Jun  9 13:07:15 2012] [info] Listening at "http://*:3000".
[Sat Jun  9 13:07:18 2012] [debug] Your secret passphrase needs to be changed!!!
[Sat Jun  9 13:07:18 2012] [debug] GET / (Mozilla/5.0 (Windows NT 6.1; WOW64) AppleWebKit/536.5 (KHTML, like Gecko) Chrome/19.0.1084.52 Safari/536.5).
[Sat Jun  9 13:07:18 2012] [error] Can't locate MIME/Lite.pm in @INC (@INC contains: script/../lib C:/strawberry/perl/site/lib C:/strawberry/perl/vendor/lib C:/strawberry/perl/lib . C:/strawberry/perl/site/bin/../lib) at script/../lib/Impressari/Login.pm line 12.
BEGIN failed--compilation aborted at script/../lib/Impressari/Login.pm line 12.
Compilation failed in require at (eval 255) line 1.

[Sat Jun  9 13:07:18 2012] [debug] Template "exception.development.html.ep" not found.
[Sat Jun  9 13:07:18 2012] [debug] Template "exception.html.ep" not found.
[Sat Jun  9 13:07:18 2012] [debug] Rendering inline template.
[Sat Jun  9 13:07:18 2012] [debug] Rendering inline template.
[Sat Jun  9 13:07:19 2012] [debug] 500 Internal Server Error (0.244880s, 4.084/s).
[Sat Jun  9 13:09:20 2012] [info] Listening at "http://*:3000".
[Sat Jun  9 13:09:27 2012] [debug] Your secret passphrase needs to be changed!!!
[Sat Jun  9 13:09:27 2012] [debug] GET / (Mozilla/5.0 (Windows NT 6.1; WOW64) AppleWebKit/536.5 (KHTML, like Gecko) Chrome/19.0.1084.52 Safari/536.5).
[Sat Jun  9 13:09:27 2012] [error] Can't locate DateTime.pm in @INC (@INC contains: script/../lib C:/strawberry/perl/site/lib C:/strawberry/perl/vendor/lib C:/strawberry/perl/lib . C:/strawberry/perl/site/bin/../lib) at script/../lib/Impressari/Login.pm line 13.
BEGIN failed--compilation aborted at script/../lib/Impressari/Login.pm line 13.
Compilation failed in require at (eval 255) line 1.

[Sat Jun  9 13:09:27 2012] [debug] Template "exception.development.html.ep" not found.
[Sat Jun  9 13:09:27 2012] [debug] Template "exception.html.ep" not found.
[Sat Jun  9 13:09:27 2012] [debug] Rendering inline template.
[Sat Jun  9 13:09:27 2012] [debug] Rendering inline template.
[Sat Jun  9 13:09:27 2012] [debug] 500 Internal Server Error (0.261034s, 3.831/s).
[Sat Jun  9 13:11:35 2012] [info] Listening at "http://*:3000".
[Sat Jun  9 13:23:27 2012] [info] Listening at "http://*:3000".
[Sat Jun  9 13:23:31 2012] [debug] Your secret passphrase needs to be changed!!!
[Sat Jun  9 13:23:31 2012] [debug] GET / (Mozilla/5.0 (Windows NT 6.1; WOW64) AppleWebKit/536.5 (KHTML, like Gecko) Chrome/19.0.1084.52 Safari/536.5).
[Sat Jun  9 13:23:31 2012] [debug] Routing to controller "Impressari::Login" and action "login".
[Sat Jun  9 13:23:31 2012] [debug] Rendering template "login/login.html.ep".
[Sat Jun  9 13:23:31 2012] [debug] Rendering template "layouts/default.html.ep".
[Sat Jun  9 13:23:31 2012] [debug] 200 OK (0.508424s, 1.967/s).
[Sat Jun  9 13:29:23 2012] [info] Listening at "http://*:3000".
[Sat Jun  9 13:29:26 2012] [debug] Your secret passphrase needs to be changed!!!
[Sat Jun  9 13:29:26 2012] [debug] GET / (Mozilla/5.0 (Windows NT 6.1; WOW64) AppleWebKit/536.5 (KHTML, like Gecko) Chrome/19.0.1084.52 Safari/536.5).
[Sat Jun  9 13:29:26 2012] [error] DBI connect('database=impressari;host=192.168.2.108','impressari',...) failed: Access denied for user 'impressari'@'EVO041L' (using password: NO) at C:/strawberry/perl/site/lib/Ima/DBI.pm line 328
Compilation failed in require at script/../lib/Impressari/Login.pm line 8.
BEGIN failed--compilation aborted at script/../lib/Impressari/Login.pm line 8.
Compilation failed in require at (eval 255) line 1.

[Sat Jun  9 13:29:26 2012] [debug] Template "exception.development.html.ep" not found.
[Sat Jun  9 13:29:26 2012] [debug] Template "exception.html.ep" not found.
[Sat Jun  9 13:29:26 2012] [debug] Rendering inline template.
[Sat Jun  9 13:29:26 2012] [debug] Rendering inline template.
[Sat Jun  9 13:29:26 2012] [debug] 500 Internal Server Error (0.205693s, 4.862/s).
[Sat Jun  9 13:29:47 2012] [info] Listening at "http://*:3000".
[Sat Jun  9 13:29:49 2012] [debug] Your secret passphrase needs to be changed!!!
[Sat Jun  9 13:29:49 2012] [debug] GET / (Mozilla/5.0 (Windows NT 6.1; WOW64) AppleWebKit/536.5 (KHTML, like Gecko) Chrome/19.0.1084.52 Safari/536.5).
[Sat Jun  9 13:29:50 2012] [debug] Routing to controller "Impressari::Login" and action "login".
[Sat Jun  9 13:29:50 2012] [debug] Rendering template "login/login.html.ep".
[Sat Jun  9 13:29:50 2012] [debug] Rendering template "layouts/default.html.ep".
[Sat Jun  9 13:29:50 2012] [debug] 200 OK (0.495178s, 2.019/s).
[Sat Jun  9 13:33:25 2012] [debug] GET / (Mozilla/5.0 (Windows NT 6.1; WOW64) AppleWebKit/536.5 (KHTML, like Gecko) Chrome/19.0.1084.52 Safari/536.5).
[Sat Jun  9 13:33:25 2012] [debug] Routing to controller "Impressari::Login" and action "login".
[Sat Jun  9 13:33:25 2012] [debug] Rendering cached template "login/login.html.ep".
[Sat Jun  9 13:33:25 2012] [debug] Rendering cached template "layouts/default.html.ep".
[Sat Jun  9 13:33:25 2012] [debug] 200 OK (0.004349s, 229.938/s).
[Sat Jun  9 13:43:37 2012] [debug] Reading config file "C:\wamp\www\impressari\conf\config.yaml".
[Sat Jun  9 14:11:48 2012] [debug] Reading config file "C:\wamp\www\impressari\conf\config.yaml".
[Sat Jun  9 14:11:48 2012] [info] Listening at "http://*:3000".
[Sat Jun  9 14:12:29 2012] [debug] Your secret passphrase needs to be changed!!!
[Sat Jun  9 14:12:29 2012] [debug] GET / (Mozilla/5.0 (Windows NT 6.1; WOW64) AppleWebKit/536.5 (KHTML, like Gecko) Chrome/19.0.1084.52 Safari/536.5).
[Sat Jun  9 14:12:29 2012] [debug] Routing to controller "Impressari::Login" and action "login".
[Sat Jun  9 14:12:29 2012] [debug] Rendering template "login/login.html.ep".
[Sat Jun  9 14:12:29 2012] [debug] Rendering template "layouts/default.html.ep".
[Sat Jun  9 14:12:29 2012] [debug] 200 OK (0.504799s, 1.981/s).
[Sat Jun  9 14:15:41 2012] [debug] Reading config file "C:\wamp\www\impressari\conf\config.yaml".
[Sat Jun  9 14:15:52 2012] [debug] Reading config file "C:\wamp\www\impressari\conf\config.yaml".
[Sat Jun  9 14:15:52 2012] [info] Listening at "http://*:3000".
[Sat Jun  9 14:16:18 2012] [debug] Reading config file "C:\wamp\www\impressari\conf\config.yaml".
[Sat Jun  9 14:16:18 2012] [debug] Reading config file "C:\wamp\www\impressari\conf\config.yaml".
[Sat Jun  9 14:16:36 2012] [debug] Reading config file "C:\wamp\www\impressari\conf\config.yaml".
[Sat Jun  9 14:16:38 2012] [debug] Reading config file "C:\wamp\www\impressari\conf\config.yaml".
[Sat Jun  9 14:20:34 2012] [debug] Reading config file "C:\wamp\www\impressari\conf\config.yaml".
[Sat Jun  9 14:20:34 2012] [debug] Reading config file "C:\wamp\www\impressari\conf\config.yaml".
[Sat Jun  9 14:20:46 2012] [debug] Reading config file "C:\wamp\www\impressari\conf\config.yaml".
[Sat Jun  9 14:20:46 2012] [debug] Reading config file "C:\wamp\www\impressari\conf\config.yaml".
[Sat Jun  9 14:20:48 2012] [debug] Reading config file "C:\wamp\www\impressari\conf\config.yaml".
[Sat Jun  9 14:20:48 2012] [debug] Reading config file "C:\wamp\www\impressari\conf\config.yaml".
[Sat Jun  9 14:20:54 2012] [debug] Reading config file "C:\wamp\www\impressari\conf\config.yaml".
[Sat Jun  9 14:20:54 2012] [debug] Reading config file "C:\wamp\www\impressari\conf\config.yaml".
[Sat Jun  9 14:21:14 2012] [debug] Reading config file "C:\wamp\www\impressari\conf\config.yaml".
[Sat Jun  9 14:21:14 2012] [info] Listening at "http://*:3000".
[Sat Jun  9 14:21:19 2012] [debug] Your secret passphrase needs to be changed!!!
[Sat Jun  9 14:21:19 2012] [debug] GET / (Mozilla/5.0 (Windows NT 6.1; WOW64) AppleWebKit/536.5 (KHTML, like Gecko) Chrome/19.0.1084.52 Safari/536.5).
[Sat Jun  9 14:21:19 2012] [error] Can't locate object method "connection" via package "Impressari::Models::Base" at script/../lib/Impressari/Models/Base.pm line 8.
Compilation failed in require at (eval 270) line 2.
	...propagated at C:/strawberry/perl/lib/base.pm line 94.
BEGIN failed--compilation aborted at script/../lib/Impressari/Models/Login.pm line 3.
Compilation failed in require at script/../lib/Impressari/Login.pm line 8.
BEGIN failed--compilation aborted at script/../lib/Impressari/Login.pm line 8.
Compilation failed in require at (eval 268) line 1.

[Sat Jun  9 14:21:19 2012] [debug] Template "exception.development.html.ep" not found.
[Sat Jun  9 14:21:19 2012] [debug] Template "exception.html.ep" not found.
[Sat Jun  9 14:21:19 2012] [debug] Rendering inline template.
[Sat Jun  9 14:21:19 2012] [debug] Rendering inline template.
[Sat Jun  9 14:21:19 2012] [debug] 500 Internal Server Error (0.144011s, 6.944/s).
[Sat Jun  9 14:21:43 2012] [debug] Reading config file "C:\wamp\www\impressari\conf\config.yaml".
[Sat Jun  9 14:21:54 2012] [debug] Reading config file "C:\wamp\www\impressari\conf\config.yaml".
[Sat Jun  9 14:22:02 2012] [debug] Reading config file "C:\wamp\www\impressari\conf\config.yaml".
[Sat Jun  9 14:22:11 2012] [debug] Reading config file "C:\wamp\www\impressari\conf\config.yaml".
[Sat Jun  9 14:22:20 2012] [debug] Reading config file "C:\wamp\www\impressari\conf\config.yaml".
[Sat Jun  9 14:22:55 2012] [debug] Reading config file "C:\wamp\www\impressari\conf\config.yaml".
[Sat Jun  9 14:23:02 2012] [debug] Reading config file "C:\wamp\www\impressari\conf\config.yaml".
[Sat Jun  9 14:23:06 2012] [debug] Reading config file "C:\wamp\www\impressari\conf\config.yaml".
[Sat Jun  9 14:23:29 2012] [debug] Reading config file "C:\wamp\www\impressari\conf\config.yaml".
[Sat Jun  9 14:23:31 2012] [debug] Reading config file "C:\wamp\www\impressari\conf\config.yaml".
[Sat Jun  9 14:24:11 2012] [debug] Reading config file "C:\wamp\www\impressari\conf\config.yaml".
[Sat Jun  9 14:24:16 2012] [debug] Reading config file "C:\wamp\www\impressari\conf\config.yaml".
[Sat Jun  9 14:24:42 2012] [debug] Reading config file "C:\wamp\www\impressari\conf\config.yaml".
[Sat Jun  9 14:25:37 2012] [debug] Your secret passphrase needs to be changed!!!
[Sat Jun  9 14:25:37 2012] [debug] GET / (Mozilla/5.0 (Windows NT 6.1; WOW64) AppleWebKit/536.5 (KHTML, like Gecko) Chrome/19.0.1084.52 Safari/536.5).
[Sat Jun  9 14:25:37 2012] [debug] Controller "Impressari::Login" does not exist.
[Sat Jun  9 14:25:37 2012] [debug] Rendering template "login/login.html.ep".
[Sat Jun  9 14:25:37 2012] [error] Global symbol "$error" requires explicit package name at template "login/login.html.ep" line 9, near "        <tr>".
Global symbol "$error" requires explicit package name at template "login/login.html.ep" line 11, near "        </tr>".
4: <div id="users">
5:     <h1>Login page</h1>
6:     
7:     <form action="login" method="POST">
8:     <table align="center">
9:         %if ($error){
10:         <tr>
11:             <td colspan="2" align="center"><%=$error%></td>
12:         </tr>
13:         %}
14:         <tr>

[Sat Jun  9 14:25:37 2012] [debug] Template "exception.development.html.ep" not found.
[Sat Jun  9 14:25:37 2012] [debug] Template "exception.html.ep" not found.
[Sat Jun  9 14:25:37 2012] [debug] Rendering inline template.
[Sat Jun  9 14:25:37 2012] [debug] Rendering inline template.
[Sat Jun  9 14:25:37 2012] [debug] 500 Internal Server Error (0.062080s, 16.108/s).
[Sat Jun  9 14:26:48 2012] [debug] Reading config file "C:\wamp\www\impressari\conf\config.yaml".
[Sat Jun  9 14:26:58 2012] [debug] Reading config file "C:\wamp\www\impressari\conf\config.yaml".
[Sat Jun  9 14:27:08 2012] [debug] Reading config file "C:\wamp\www\impressari\conf\config.yaml".
[Sat Jun  9 14:27:11 2012] [debug] Reading config file "C:\wamp\www\impressari\conf\config.yaml".
[Sat Jun  9 14:27:37 2012] [debug] Reading config file "C:\wamp\www\impressari\conf\config.yaml".
[Sat Jun  9 14:27:44 2012] [debug] Reading config file "C:\wamp\www\impressari\conf\config.yaml".
[Sat Jun  9 14:27:55 2012] [debug] Reading config file "C:\wamp\www\impressari\conf\config.yaml".
[Sat Jun  9 14:27:58 2012] [debug] Reading config file "C:\wamp\www\impressari\conf\config.yaml".
[Sat Jun  9 14:28:00 2012] [debug] Reading config file "C:\wamp\www\impressari\conf\config.yaml".
[Sat Jun  9 14:28:05 2012] [debug] Reading config file "C:\wamp\www\impressari\conf\config.yaml".
[Sat Jun  9 14:28:10 2012] [debug] Reading config file "C:\wamp\www\impressari\conf\config.yaml".
[Sat Jun  9 14:28:33 2012] [debug] Reading config file "C:\wamp\www\impressari\conf\config.yaml".
[Sat Jun  9 14:28:57 2012] [debug] Reading config file "C:\wamp\www\impressari\conf\config.yaml".
[Sat Jun  9 14:29:09 2012] [debug] Reading config file "C:\wamp\www\impressari\conf\config.yaml".
[Sat Jun  9 14:29:26 2012] [debug] Reading config file "C:\wamp\www\impressari\conf\config.yaml".
[Sat Jun  9 14:29:31 2012] [debug] Reading config file "C:\wamp\www\impressari\conf\config.yaml".
[Sat Jun  9 14:29:33 2012] [debug] Reading config file "C:\wamp\www\impressari\conf\config.yaml".
[Sat Jun  9 14:29:36 2012] [debug] Reading config file "C:\wamp\www\impressari\conf\config.yaml".
[Sat Jun  9 14:29:46 2012] [debug] Reading config file "C:\wamp\www\impressari\conf\config.yaml".
[Sat Jun  9 14:29:50 2012] [debug] Reading config file "C:\wamp\www\impressari\conf\config.yaml".
[Sat Jun  9 14:29:52 2012] [debug] Reading config file "C:\wamp\www\impressari\conf\config.yaml".
[Sat Jun  9 14:29:58 2012] [debug] Reading config file "C:\wamp\www\impressari\conf\config.yaml".
[Sat Jun  9 14:30:05 2012] [debug] Reading config file "C:\wamp\www\impressari\conf\config.yaml".
[Sat Jun  9 14:30:08 2012] [debug] Reading config file "C:\wamp\www\impressari\conf\config.yaml".
[Sat Jun  9 14:30:34 2012] [debug] Reading config file "C:\wamp\www\impressari\conf\config.yaml".
[Sat Jun  9 14:30:36 2012] [debug] Reading config file "C:\wamp\www\impressari\conf\config.yaml".
[Sat Jun  9 14:30:40 2012] [debug] Reading config file "C:\wamp\www\impressari\conf\config.yaml".
[Sat Jun  9 14:30:45 2012] [debug] Reading config file "C:\wamp\www\impressari\conf\config.yaml".
[Sat Jun  9 14:30:48 2012] [debug] Reading config file "C:\wamp\www\impressari\conf\config.yaml".
[Sat Jun  9 14:30:54 2012] [debug] Reading config file "C:\wamp\www\impressari\conf\config.yaml".
[Sat Jun  9 14:30:57 2012] [debug] Reading config file "C:\wamp\www\impressari\conf\config.yaml".
[Sat Jun  9 14:31:00 2012] [debug] Reading config file "C:\wamp\www\impressari\conf\config.yaml".
[Sat Jun  9 14:31:03 2012] [debug] Reading config file "C:\wamp\www\impressari\conf\config.yaml".
[Sat Jun  9 14:31:07 2012] [debug] Reading config file "C:\wamp\www\impressari\conf\config.yaml".
[Sat Jun  9 14:31:10 2012] [debug] Reading config file "C:\wamp\www\impressari\conf\config.yaml".
[Sat Jun  9 14:31:14 2012] [debug] Reading config file "C:\wamp\www\impressari\conf\config.yaml".
[Sat Jun  9 14:31:17 2012] [debug] Reading config file "C:\wamp\www\impressari\conf\config.yaml".
[Sat Jun  9 14:31:26 2012] [debug] Reading config file "C:\wamp\www\impressari\conf\config.yaml".
[Sat Jun  9 14:31:29 2012] [debug] Reading config file "C:\wamp\www\impressari\conf\config.yaml".
[Sat Jun  9 14:31:36 2012] [debug] Reading config file "C:\wamp\www\impressari\conf\config.yaml".
[Sat Jun  9 14:31:47 2012] [debug] Reading config file "C:\wamp\www\impressari\conf\config.yaml".
[Sat Jun  9 14:31:50 2012] [debug] Reading config file "C:\wamp\www\impressari\conf\config.yaml".
[Sat Jun  9 14:32:02 2012] [debug] Reading config file "C:\wamp\www\impressari\conf\config.yaml".
[Sat Jun  9 14:32:09 2012] [debug] Reading config file "C:\wamp\www\impressari\conf\config.yaml".
[Sat Jun  9 14:32:27 2012] [debug] Reading config file "C:\wamp\www\impressari\conf\config.yaml".
[Sat Jun  9 14:32:37 2012] [debug] Reading config file "C:\wamp\www\impressari\conf\config.yaml".
[Sat Jun  9 14:33:00 2012] [debug] Reading config file "C:\wamp\www\impressari\conf\config.yaml".
[Sat Jun  9 14:33:05 2012] [debug] Reading config file "C:\wamp\www\impressari\conf\config.yaml".
[Sat Jun  9 14:35:13 2012] [debug] Reading config file "C:\wamp\www\impressari\conf\config.yaml".
[Sat Jun  9 14:35:22 2012] [debug] Reading config file "C:\wamp\www\impressari\conf\config.yaml".
[Sat Jun  9 14:35:26 2012] [debug] Reading config file "C:\wamp\www\impressari\conf\config.yaml".
[Sat Jun  9 14:35:33 2012] [debug] Reading config file "C:\wamp\www\impressari\conf\config.yaml".
[Sat Jun  9 14:35:47 2012] [debug] Reading config file "C:\wamp\www\impressari\conf\config.yaml".
[Sat Jun  9 14:35:51 2012] [debug] Reading config file "C:\wamp\www\impressari\conf\config.yaml".
[Sat Jun  9 14:35:53 2012] [debug] Reading config file "C:\wamp\www\impressari\conf\config.yaml".
[Sat Jun  9 14:36:45 2012] [debug] Reading config file "C:\wamp\www\impressari\conf\config.yaml".
[Sat Jun  9 14:37:20 2012] [debug] Reading config file "C:\wamp\www\impressari\conf\config.yaml".
[Sat Jun  9 14:37:22 2012] [debug] Reading config file "C:\wamp\www\impressari\conf\config.yaml".
[Sat Jun  9 14:37:24 2012] [debug] Reading config file "C:\wamp\www\impressari\conf\config.yaml".
[Sat Jun  9 14:37:26 2012] [debug] Reading config file "C:\wamp\www\impressari\conf\config.yaml".
[Sat Jun  9 14:37:41 2012] [debug] Reading config file "C:\wamp\www\impressari\conf\config.yaml".
[Sat Jun  9 14:37:52 2012] [debug] Reading config file "C:\wamp\www\impressari\conf\config.yaml".
[Sat Jun  9 14:37:55 2012] [debug] Reading config file "C:\wamp\www\impressari\conf\config.yaml".
[Sat Jun  9 14:37:59 2012] [debug] Reading config file "C:\wamp\www\impressari\conf\config.yaml".
[Sat Jun  9 14:38:02 2012] [debug] Reading config file "C:\wamp\www\impressari\conf\config.yaml".
[Sat Jun  9 14:38:05 2012] [debug] Reading config file "C:\wamp\www\impressari\conf\config.yaml".
[Sat Jun  9 14:38:08 2012] [debug] Reading config file "C:\wamp\www\impressari\conf\config.yaml".
[Sat Jun  9 14:38:12 2012] [debug] Reading config file "C:\wamp\www\impressari\conf\config.yaml".
[Sat Jun  9 14:38:20 2012] [debug] Reading config file "C:\wamp\www\impressari\conf\config.yaml".
[Sat Jun  9 14:38:23 2012] [debug] Reading config file "C:\wamp\www\impressari\conf\config.yaml".
[Sat Jun  9 14:38:52 2012] [debug] Reading config file "C:\wamp\www\impressari\conf\config.yaml".
[Sat Jun  9 14:38:57 2012] [debug] Reading config file "C:\wamp\www\impressari\conf\config.yaml".
[Sat Jun  9 14:39:00 2012] [debug] Reading config file "C:\wamp\www\impressari\conf\config.yaml".
[Sat Jun  9 14:39:03 2012] [debug] Reading config file "C:\wamp\www\impressari\conf\config.yaml".
[Sat Jun  9 14:39:05 2012] [debug] Reading config file "C:\wamp\www\impressari\conf\config.yaml".
[Sat Jun  9 14:39:21 2012] [debug] Reading config file "C:\wamp\www\impressari\conf\config.yaml".
[Sat Jun  9 14:39:23 2012] [debug] Reading config file "C:\wamp\www\impressari\conf\config.yaml".
[Sat Jun  9 14:39:25 2012] [debug] Reading config file "C:\wamp\www\impressari\conf\config.yaml".
[Sat Jun  9 14:39:30 2012] [debug] Reading config file "C:\wamp\www\impressari\conf\config.yaml".
[Sat Jun  9 14:40:19 2012] [debug] Reading config file "C:\wamp\www\impressari\conf\config.yaml".
[Sat Jun  9 14:40:24 2012] [debug] Reading config file "C:\wamp\www\impressari\conf\config.yaml".
[Sat Jun  9 14:40:27 2012] [debug] Reading config file "C:\wamp\www\impressari\conf\config.yaml".
[Sat Jun  9 14:40:37 2012] [debug] Reading config file "C:\wamp\www\impressari\conf\config.yaml".
[Sat Jun  9 14:41:48 2012] [debug] Reading config file "C:\wamp\www\impressari\conf\config.yaml".
[Sat Jun  9 14:42:00 2012] [debug] Reading config file "C:\wamp\www\impressari\conf\config.yaml".
[Sat Jun  9 14:42:11 2012] [debug] Reading config file "C:\wamp\www\impressari\conf\config.yaml".
[Sat Jun  9 14:42:14 2012] [debug] Reading config file "C:\wamp\www\impressari\conf\config.yaml".
[Sat Jun  9 14:42:16 2012] [debug] Reading config file "C:\wamp\www\impressari\conf\config.yaml".
[Sat Jun  9 14:43:11 2012] [debug] Reading config file "C:\wamp\www\impressari\conf\config.yaml".
[Sat Jun  9 14:43:39 2012] [debug] Reading config file "C:\wamp\www\impressari\conf\config.yaml".
[Sat Jun  9 14:43:39 2012] [info] Listening at "http://*:3000".
[Sat Jun  9 14:43:44 2012] [debug] Your secret passphrase needs to be changed!!!
[Sat Jun  9 14:43:44 2012] [debug] GET / (Mozilla/5.0 (Windows NT 6.1; WOW64) AppleWebKit/536.5 (KHTML, like Gecko) Chrome/19.0.1084.52 Safari/536.5).
[Sat Jun  9 14:43:44 2012] [debug] Controller "Impressari::Main" does not exist.
[Sat Jun  9 14:43:44 2012] [debug] Template "main/home.html.ep" not found.
[Sat Jun  9 14:43:44 2012] [debug] Template "not_found.development.html.ep" not found.
[Sat Jun  9 14:43:44 2012] [debug] Template "not_found.html.ep" not found.
[Sat Jun  9 14:43:44 2012] [debug] Rendering inline template.
[Sat Jun  9 14:43:44 2012] [debug] Rendering inline template.
[Sat Jun  9 14:43:44 2012] [debug] 404 Not Found (0.042913s, 23.303/s).
[Sat Jun  9 14:43:57 2012] [debug] GET /login (Mozilla/5.0 (Windows NT 6.1; WOW64) AppleWebKit/536.5 (KHTML, like Gecko) Chrome/19.0.1084.52 Safari/536.5).
[Sat Jun  9 14:43:58 2012] [error] Can't locate DateTime/Format/Strptime.pm in @INC (@INC contains: script/../lib C:/strawberry/perl/site/lib C:/strawberry/perl/vendor/lib C:/strawberry/perl/lib . C:/strawberry/perl/site/bin/../lib) at script/../lib/Impressari/User.pm line 9.
BEGIN failed--compilation aborted at script/../lib/Impressari/User.pm line 9.
Compilation failed in require at (eval 272) line 1.

[Sat Jun  9 14:43:58 2012] [debug] Template "exception.development.html.ep" not found.
[Sat Jun  9 14:43:58 2012] [debug] Template "exception.html.ep" not found.
[Sat Jun  9 14:43:58 2012] [debug] Rendering inline template.
[Sat Jun  9 14:43:58 2012] [debug] Rendering inline template.
[Sat Jun  9 14:43:58 2012] [debug] 500 Internal Server Error (0.332617s, 3.006/s).
[Sat Jun  9 14:45:35 2012] [debug] Reading config file "C:\wamp\www\impressari\conf\config.yaml".
[Sat Jun  9 14:45:35 2012] [info] Listening at "http://*:3000".
[Sat Jun  9 14:45:39 2012] [debug] Your secret passphrase needs to be changed!!!
[Sat Jun  9 14:45:39 2012] [debug] GET /login (Mozilla/5.0 (Windows NT 6.1; WOW64) AppleWebKit/536.5 (KHTML, like Gecko) Chrome/19.0.1084.52 Safari/536.5).
[Sat Jun  9 14:45:39 2012] [debug] Routing to controller "Impressari::User" and action "login_form".
[Sat Jun  9 14:45:39 2012] [debug] Action not found in controller.
[Sat Jun  9 14:45:39 2012] [debug] Rendering template "user/login_form.html.ep".
[Sat Jun  9 14:45:39 2012] [debug] Rendering template "layouts/default.html.ep".
[Sat Jun  9 14:45:39 2012] [debug] 200 OK (0.311033s, 3.215/s).
[Sat Jun  9 14:46:06 2012] [debug] Reading config file "C:\wamp\www\impressari\conf\config.yaml".
[Sat Jun  9 14:46:10 2012] [debug] Reading config file "C:\wamp\www\impressari\conf\config.yaml".
[Sat Jun  9 14:46:16 2012] [debug] Reading config file "C:\wamp\www\impressari\conf\config.yaml".
[Sat Jun  9 14:52:43 2012] [debug] Reading config file "C:\wamp\www\impressari\conf\config.yaml".
[Sat Jun  9 14:54:31 2012] [debug] Reading config file "C:\wamp\www\impressari\conf\config.yaml".
[Sat Jun  9 14:54:40 2012] [debug] Reading config file "C:\wamp\www\impressari\conf\config.yaml".
[Sat Jun  9 14:54:48 2012] [debug] Reading config file "C:\wamp\www\impressari\conf\config.yaml".
[Sat Jun  9 14:54:55 2012] [debug] Reading config file "C:\wamp\www\impressari\conf\config.yaml".
[Sat Jun  9 14:55:00 2012] [debug] Reading config file "C:\wamp\www\impressari\conf\config.yaml".
[Sat Jun  9 14:55:13 2012] [debug] Reading config file "C:\wamp\www\impressari\conf\config.yaml".
[Sat Jun  9 14:55:29 2012] [debug] Reading config file "C:\wamp\www\impressari\conf\config.yaml".
[Sat Jun  9 14:55:35 2012] [debug] Reading config file "C:\wamp\www\impressari\conf\config.yaml".
[Sat Jun  9 14:55:40 2012] [debug] Your secret passphrase needs to be changed!!!
[Sat Jun  9 14:55:40 2012] [debug] GET /login (Mozilla/5.0 (Windows NT 6.1; WOW64) AppleWebKit/536.5 (KHTML, like Gecko) Chrome/19.0.1084.52 Safari/536.5).
[Sat Jun  9 14:55:40 2012] [debug] Routing to controller "Impressari::User" and action "login_form".
[Sat Jun  9 14:55:40 2012] [debug] Action not found in controller.
[Sat Jun  9 14:55:40 2012] [debug] Rendering template "user/login_form.html.ep".
[Sat Jun  9 14:55:40 2012] [debug] Rendering template "layouts/default.html.ep".
[Sat Jun  9 14:55:40 2012] [debug] 200 OK (0.310247s, 3.223/s).
[Sat Jun  9 14:55:40 2012] [debug] GET /plugin/bootstrap/bootstrap.css (Mozilla/5.0 (Windows NT 6.1; WOW64) AppleWebKit/536.5 (KHTML, like Gecko) Chrome/19.0.1084.52 Safari/536.5).
[Sat Jun  9 14:55:40 2012] [debug] Template "not_found.development.html.ep" not found.
[Sat Jun  9 14:55:40 2012] [debug] Template "not_found.html.ep" not found.
[Sat Jun  9 14:55:40 2012] [debug] Rendering inline template.
[Sat Jun  9 14:55:40 2012] [debug] Rendering inline template.
[Sat Jun  9 14:55:40 2012] [debug] 404 Not Found (0.030610s, 32.669/s).
[Sat Jun  9 14:55:40 2012] [debug] GET /plugin/bootstrap/bootstrap-responsive.css (Mozilla/5.0 (Windows NT 6.1; WOW64) AppleWebKit/536.5 (KHTML, like Gecko) Chrome/19.0.1084.52 Safari/536.5).
[Sat Jun  9 14:55:40 2012] [debug] Template "not_found.development.html.ep" not found.
[Sat Jun  9 14:55:40 2012] [debug] Template "not_found.html.ep" not found.
[Sat Jun  9 14:55:40 2012] [debug] Rendering cached inline template.
[Sat Jun  9 14:55:40 2012] [debug] Rendering cached inline template.
[Sat Jun  9 14:55:40 2012] [debug] 404 Not Found (0.009596s, 104.210/s).
[Sat Jun  9 14:55:40 2012] [debug] GET /plugin/bootstrap/bootstrap.js (Mozilla/5.0 (Windows NT 6.1; WOW64) AppleWebKit/536.5 (KHTML, like Gecko) Chrome/19.0.1084.52 Safari/536.5).
[Sat Jun  9 14:55:40 2012] [debug] Template "not_found.development.html.ep" not found.
[Sat Jun  9 14:55:40 2012] [debug] Template "not_found.html.ep" not found.
[Sat Jun  9 14:55:40 2012] [debug] Rendering cached inline template.
[Sat Jun  9 14:55:40 2012] [debug] Rendering cached inline template.
[Sat Jun  9 14:55:40 2012] [debug] 404 Not Found (0.011206s, 89.238/s).
[Sat Jun  9 14:55:46 2012] [debug] GET /plugin/bootstrap/bootstrap.css (Mozilla/5.0 (Windows NT 6.1; WOW64) AppleWebKit/536.5 (KHTML, like Gecko) Chrome/19.0.1084.52 Safari/536.5).
[Sat Jun  9 14:55:46 2012] [debug] Template "not_found.development.html.ep" not found.
[Sat Jun  9 14:55:46 2012] [debug] Template "not_found.html.ep" not found.
[Sat Jun  9 14:55:46 2012] [debug] Rendering cached inline template.
[Sat Jun  9 14:55:46 2012] [debug] Rendering cached inline template.
[Sat Jun  9 14:55:46 2012] [debug] 404 Not Found (0.013290s, 75.245/s).
[Sat Jun  9 14:56:00 2012] [debug] Reading config file "C:\wamp\www\impressari\conf\config.yaml".
[Sat Jun  9 14:56:01 2012] [debug] Your secret passphrase needs to be changed!!!
[Sat Jun  9 14:56:01 2012] [debug] GET /login (Mozilla/5.0 (Windows NT 6.1; WOW64) AppleWebKit/536.5 (KHTML, like Gecko) Chrome/19.0.1084.52 Safari/536.5).
[Sat Jun  9 14:56:01 2012] [debug] Routing to controller "Impressari::User" and action "login_form".
[Sat Jun  9 14:56:01 2012] [debug] Action not found in controller.
[Sat Jun  9 14:56:01 2012] [debug] Rendering template "user/login_form.html.ep".
[Sat Jun  9 14:56:01 2012] [debug] Rendering template "layouts/default.html.ep".
[Sat Jun  9 14:56:01 2012] [debug] 200 OK (0.315234s, 3.172/s).
[Sat Jun  9 14:56:02 2012] [debug] GET /plugins/bootstrap/bootstrap.css (Mozilla/5.0 (Windows NT 6.1; WOW64) AppleWebKit/536.5 (KHTML, like Gecko) Chrome/19.0.1084.52 Safari/536.5).
[Sat Jun  9 14:56:02 2012] [debug] Template "not_found.development.html.ep" not found.
[Sat Jun  9 14:56:02 2012] [debug] Template "not_found.html.ep" not found.
[Sat Jun  9 14:56:02 2012] [debug] Rendering inline template.
[Sat Jun  9 14:56:02 2012] [debug] Rendering inline template.
[Sat Jun  9 14:56:02 2012] [debug] 404 Not Found (0.036918s, 27.087/s).
[Sat Jun  9 14:56:21 2012] [debug] GET /login (Mozilla/5.0 (Windows NT 6.1; WOW64) AppleWebKit/536.5 (KHTML, like Gecko) Chrome/19.0.1084.52 Safari/536.5).
[Sat Jun  9 14:56:21 2012] [debug] Routing to controller "Impressari::User" and action "login_form".
[Sat Jun  9 14:56:21 2012] [debug] Action not found in controller.
[Sat Jun  9 14:56:21 2012] [debug] Rendering cached template "user/login_form.html.ep".
[Sat Jun  9 14:56:21 2012] [debug] Rendering cached template "layouts/default.html.ep".
[Sat Jun  9 14:56:21 2012] [debug] 200 OK (0.006484s, 154.226/s).
[Sat Jun  9 14:56:21 2012] [debug] GET /plugins/bootstrap/bootstrap.css (Mozilla/5.0 (Windows NT 6.1; WOW64) AppleWebKit/536.5 (KHTML, like Gecko) Chrome/19.0.1084.52 Safari/536.5).
[Sat Jun  9 14:56:21 2012] [debug] Template "not_found.development.html.ep" not found.
[Sat Jun  9 14:56:21 2012] [debug] Template "not_found.html.ep" not found.
[Sat Jun  9 14:56:21 2012] [debug] Rendering cached inline template.
[Sat Jun  9 14:56:21 2012] [debug] Rendering cached inline template.
[Sat Jun  9 14:56:21 2012] [debug] 404 Not Found (0.011090s, 90.171/s).
[Sat Jun  9 14:56:21 2012] [debug] GET /plugins/bootstrap/bootstrap-responsive.css (Mozilla/5.0 (Windows NT 6.1; WOW64) AppleWebKit/536.5 (KHTML, like Gecko) Chrome/19.0.1084.52 Safari/536.5).
[Sat Jun  9 14:56:21 2012] [debug] Template "not_found.development.html.ep" not found.
[Sat Jun  9 14:56:21 2012] [debug] Template "not_found.html.ep" not found.
[Sat Jun  9 14:56:21 2012] [debug] Rendering cached inline template.
[Sat Jun  9 14:56:21 2012] [debug] Rendering cached inline template.
[Sat Jun  9 14:56:21 2012] [debug] 404 Not Found (0.011593s, 86.259/s).
[Sat Jun  9 14:56:21 2012] [debug] GET /plugins/bootstrap/bootstrap.js (Mozilla/5.0 (Windows NT 6.1; WOW64) AppleWebKit/536.5 (KHTML, like Gecko) Chrome/19.0.1084.52 Safari/536.5).
[Sat Jun  9 14:56:21 2012] [debug] Template "not_found.development.html.ep" not found.
[Sat Jun  9 14:56:21 2012] [debug] Template "not_found.html.ep" not found.
[Sat Jun  9 14:56:21 2012] [debug] Rendering cached inline template.
[Sat Jun  9 14:56:21 2012] [debug] Rendering cached inline template.
[Sat Jun  9 14:56:21 2012] [debug] 404 Not Found (0.010923s, 91.550/s).
[Sat Jun  9 14:56:26 2012] [debug] GET /plugins/bootstrap/bootstrap.css (Mozilla/5.0 (Windows NT 6.1; WOW64) AppleWebKit/536.5 (KHTML, like Gecko) Chrome/19.0.1084.52 Safari/536.5).
[Sat Jun  9 14:56:26 2012] [debug] Template "not_found.development.html.ep" not found.
[Sat Jun  9 14:56:26 2012] [debug] Template "not_found.html.ep" not found.
[Sat Jun  9 14:56:26 2012] [debug] Rendering cached inline template.
[Sat Jun  9 14:56:26 2012] [debug] Rendering cached inline template.
[Sat Jun  9 14:56:26 2012] [debug] 404 Not Found (0.014768s, 67.714/s).
[Sat Jun  9 14:56:56 2012] [debug] Reading config file "C:\wamp\www\impressari\conf\config.yaml".
[Sat Jun  9 14:56:58 2012] [debug] Reading config file "C:\wamp\www\impressari\conf\config.yaml".
[Sat Jun  9 14:57:02 2012] [debug] Reading config file "C:\wamp\www\impressari\conf\config.yaml".
[Sat Jun  9 14:57:08 2012] [debug] Your secret passphrase needs to be changed!!!
[Sat Jun  9 14:57:08 2012] [debug] GET /login (Mozilla/5.0 (Windows NT 6.1; WOW64) AppleWebKit/536.5 (KHTML, like Gecko) Chrome/19.0.1084.52 Safari/536.5).
[Sat Jun  9 14:57:08 2012] [debug] Routing to controller "Impressari::User" and action "login_form".
[Sat Jun  9 14:57:08 2012] [debug] Action not found in controller.
[Sat Jun  9 14:57:08 2012] [debug] Rendering template "user/login_form.html.ep".
[Sat Jun  9 14:57:08 2012] [debug] Rendering template "layouts/default.html.ep".
[Sat Jun  9 14:57:08 2012] [debug] 200 OK (0.316953s, 3.155/s).
[Sat Jun  9 14:57:15 2012] [debug] GET /login (Mozilla/5.0 (Windows NT 6.1; WOW64) AppleWebKit/536.5 (KHTML, like Gecko) Chrome/19.0.1084.52 Safari/536.5).
[Sat Jun  9 14:57:15 2012] [debug] Routing to controller "Impressari::User" and action "login_form".
[Sat Jun  9 14:57:15 2012] [debug] Action not found in controller.
[Sat Jun  9 14:57:15 2012] [debug] Rendering cached template "user/login_form.html.ep".
[Sat Jun  9 14:57:15 2012] [debug] Rendering cached template "layouts/default.html.ep".
[Sat Jun  9 14:57:15 2012] [debug] 200 OK (0.006851s, 145.964/s).
[Sat Jun  9 14:57:43 2012] [debug] Reading config file "C:\wamp\www\impressari\conf\config.yaml".
[Sat Jun  9 14:57:57 2012] [debug] Reading config file "C:\wamp\www\impressari\conf\config.yaml".
[Sat Jun  9 14:57:57 2012] [debug] Your secret passphrase needs to be changed!!!
[Sat Jun  9 14:57:57 2012] [debug] GET /login (Mozilla/5.0 (Windows NT 6.1; WOW64) AppleWebKit/536.5 (KHTML, like Gecko) Chrome/19.0.1084.52 Safari/536.5).
[Sat Jun  9 14:57:58 2012] [debug] Routing to controller "Impressari::User" and action "login_form".
[Sat Jun  9 14:57:58 2012] [debug] Action not found in controller.
[Sat Jun  9 14:57:58 2012] [debug] Rendering template "user/login_form.html.ep".
[Sat Jun  9 14:57:58 2012] [debug] Rendering template "layouts/default.html.ep".
[Sat Jun  9 14:57:58 2012] [debug] 200 OK (0.317887s, 3.146/s).
[Sat Jun  9 14:58:02 2012] [debug] POST /login (Mozilla/5.0 (Windows NT 6.1; WOW64) AppleWebKit/536.5 (KHTML, like Gecko) Chrome/19.0.1084.52 Safari/536.5).
[Sat Jun  9 14:58:02 2012] [debug] Routing to controller "Impressari::User" and action "login".
[Sat Jun  9 14:58:02 2012] [error] Can't locate object method "connect" via package "Schema" (perhaps you forgot to load "Schema"?) at script/../lib/Impressari.pm line 23.

[Sat Jun  9 14:58:02 2012] [debug] Template "exception.development.html.ep" not found.
[Sat Jun  9 14:58:02 2012] [debug] Template "exception.html.ep" not found.
[Sat Jun  9 14:58:02 2012] [debug] Rendering inline template.
[Sat Jun  9 14:58:02 2012] [debug] Rendering inline template.
[Sat Jun  9 14:58:02 2012] [debug] 500 Internal Server Error (0.051564s, 19.393/s).
[Sat Jun  9 15:00:56 2012] [debug] Reading config file "C:\wamp\www\impressari\conf\config.yaml".
[Sat Jun  9 15:01:02 2012] [debug] Your secret passphrase needs to be changed!!!
[Sat Jun  9 15:01:02 2012] [debug] GET /login (Mozilla/5.0 (Windows NT 6.1; WOW64) AppleWebKit/536.5 (KHTML, like Gecko) Chrome/19.0.1084.52 Safari/536.5).
[Sat Jun  9 15:01:03 2012] [debug] Routing to controller "Impressari::User" and action "login_form".
[Sat Jun  9 15:01:03 2012] [debug] Action not found in controller.
[Sat Jun  9 15:01:03 2012] [debug] Rendering template "user/login_form.html.ep".
[Sat Jun  9 15:01:03 2012] [debug] Rendering template "layouts/default.html.ep".
[Sat Jun  9 15:01:03 2012] [debug] 200 OK (0.318607s, 3.139/s).
